<?xml version="1.0" encoding="UTF-8"?>
<!-- Generated by org.testng.reporters.JUnitReportReporter -->
<testsuite hostname="ThinkBook" failures="0" tests="1" name="TrelloEndToEndTest" time="29.414" errors="0" timestamp="2023-03-06T13:40:53 IST" skipped="0">
  <testcase classname="TrelloEndToEndTest" name="login" time="29.414"/>
  <system-out/>
</testsuite> <!-- TrelloEndToEndTest -->
